Performing C++ SOURCE FILE Test HAVE_CXX_FLAG_WSHORTEN_64_TO_32 failed with the following output:
Change Dir: /homes/hh1919/Documents/code/performance-eng/performanceengineeringcw1_hh1919/cpp-benchmark/googlebenchmark-prefix/src/googlebenchmark-build/CMakeFiles/CMakeTmp

Run Build Command:"/usr/bin/make" "cmTC_ec357/fast"
make[3]: Entering directory '/homes/hh1919/Documents/code/performance-eng/performanceengineeringcw1_hh1919/cpp-benchmark/googlebenchmark-prefix/src/googlebenchmark-build/CMakeFiles/CMakeTmp'
/usr/bin/make -f CMakeFiles/cmTC_ec357.dir/build.make CMakeFiles/cmTC_ec357.dir/build
make[4]: Entering directory '/homes/hh1919/Documents/code/performance-eng/performanceengineeringcw1_hh1919/cpp-benchmark/googlebenchmark-prefix/src/googlebenchmark-build/CMakeFiles/CMakeTmp'
Building CXX object CMakeFiles/cmTC_ec357.dir/src.cxx.o
/usr/bin/c++    -std=c++11  -Wall  -Wextra  -Wshadow  -pedantic  -pedantic-errors -DHAVE_CXX_FLAG_WSHORTEN_64_TO_32  -Wshorten-64-to-32   -Wshorten-64-to-32 -o CMakeFiles/cmTC_ec357.dir/src.cxx.o -c /homes/hh1919/Documents/code/performance-eng/performanceengineeringcw1_hh1919/cpp-benchmark/googlebenchmark-prefix/src/googlebenchmark-build/CMakeFiles/CMakeTmp/src.cxx
c++: error: unrecognized command line option '-Wshorten-64-to-32'
c++: error: unrecognized command line option '-Wshorten-64-to-32'
CMakeFiles/cmTC_ec357.dir/build.make:65: recipe for target 'CMakeFiles/cmTC_ec357.dir/src.cxx.o' failed
make[4]: *** [CMakeFiles/cmTC_ec357.dir/src.cxx.o] Error 1
make[4]: Leaving directory '/homes/hh1919/Documents/code/performance-eng/performanceengineeringcw1_hh1919/cpp-benchmark/googlebenchmark-prefix/src/googlebenchmark-build/CMakeFiles/CMakeTmp'
Makefile:126: recipe for target 'cmTC_ec357/fast' failed
make[3]: *** [cmTC_ec357/fast] Error 2
make[3]: Leaving directory '/homes/hh1919/Documents/code/performance-eng/performanceengineeringcw1_hh1919/cpp-benchmark/googlebenchmark-prefix/src/googlebenchmark-build/CMakeFiles/CMakeTmp'

Source file was:
int main() { return 0; }
Performing C++ SOURCE FILE Test HAVE_CXX_FLAG_WD654 failed with the following output:
Change Dir: /homes/hh1919/Documents/code/performance-eng/performanceengineeringcw1_hh1919/cpp-benchmark/googlebenchmark-prefix/src/googlebenchmark-build/CMakeFiles/CMakeTmp

Run Build Command:"/usr/bin/make" "cmTC_fde3b/fast"
make[3]: Entering directory '/homes/hh1919/Documents/code/performance-eng/performanceengineeringcw1_hh1919/cpp-benchmark/googlebenchmark-prefix/src/googlebenchmark-build/CMakeFiles/CMakeTmp'
/usr/bin/make -f CMakeFiles/cmTC_fde3b.dir/build.make CMakeFiles/cmTC_fde3b.dir/build
make[4]: Entering directory '/homes/hh1919/Documents/code/performance-eng/performanceengineeringcw1_hh1919/cpp-benchmark/googlebenchmark-prefix/src/googlebenchmark-build/CMakeFiles/CMakeTmp'
Building CXX object CMakeFiles/cmTC_fde3b.dir/src.cxx.o
/usr/bin/c++    -std=c++11  -Wall  -Wextra  -Wshadow  -pedantic  -pedantic-errors  -Wfloat-equal  -fstrict-aliasing  -Wstrict-aliasing -DHAVE_CXX_FLAG_WD654  -wd654   -wd654 -o CMakeFiles/cmTC_fde3b.dir/src.cxx.o -c /homes/hh1919/Documents/code/performance-eng/performanceengineeringcw1_hh1919/cpp-benchmark/googlebenchmark-prefix/src/googlebenchmark-build/CMakeFiles/CMakeTmp/src.cxx
c++: error: unrecognized command line option '-wd654'
c++: error: unrecognized command line option '-wd654'
CMakeFiles/cmTC_fde3b.dir/build.make:65: recipe for target 'CMakeFiles/cmTC_fde3b.dir/src.cxx.o' failed
make[4]: *** [CMakeFiles/cmTC_fde3b.dir/src.cxx.o] Error 1
make[4]: Leaving directory '/homes/hh1919/Documents/code/performance-eng/performanceengineeringcw1_hh1919/cpp-benchmark/googlebenchmark-prefix/src/googlebenchmark-build/CMakeFiles/CMakeTmp'
Makefile:126: recipe for target 'cmTC_fde3b/fast' failed
make[3]: *** [cmTC_fde3b/fast] Error 2
make[3]: Leaving directory '/homes/hh1919/Documents/code/performance-eng/performanceengineeringcw1_hh1919/cpp-benchmark/googlebenchmark-prefix/src/googlebenchmark-build/CMakeFiles/CMakeTmp'

Source file was:
int main() { return 0; }
Performing C++ SOURCE FILE Test HAVE_CXX_FLAG_WTHREAD_SAFETY failed with the following output:
Change Dir: /homes/hh1919/Documents/code/performance-eng/performanceengineeringcw1_hh1919/cpp-benchmark/googlebenchmark-prefix/src/googlebenchmark-build/CMakeFiles/CMakeTmp

Run Build Command:"/usr/bin/make" "cmTC_f910a/fast"
make[3]: Entering directory '/homes/hh1919/Documents/code/performance-eng/performanceengineeringcw1_hh1919/cpp-benchmark/googlebenchmark-prefix/src/googlebenchmark-build/CMakeFiles/CMakeTmp'
/usr/bin/make -f CMakeFiles/cmTC_f910a.dir/build.make CMakeFiles/cmTC_f910a.dir/build
make[4]: Entering directory '/homes/hh1919/Documents/code/performance-eng/performanceengineeringcw1_hh1919/cpp-benchmark/googlebenchmark-prefix/src/googlebenchmark-build/CMakeFiles/CMakeTmp'
Building CXX object CMakeFiles/cmTC_f910a.dir/src.cxx.o
/usr/bin/c++    -std=c++11  -Wall  -Wextra  -Wshadow  -pedantic  -pedantic-errors  -Wfloat-equal  -fstrict-aliasing  -Wstrict-aliasing -DHAVE_CXX_FLAG_WTHREAD_SAFETY  -Wthread-safety   -Wthread-safety -o CMakeFiles/cmTC_f910a.dir/src.cxx.o -c /homes/hh1919/Documents/code/performance-eng/performanceengineeringcw1_hh1919/cpp-benchmark/googlebenchmark-prefix/src/googlebenchmark-build/CMakeFiles/CMakeTmp/src.cxx
c++: error: unrecognized command line option '-Wthread-safety'; did you mean '-fthread-jumps'?
c++: error: unrecognized command line option '-Wthread-safety'; did you mean '-fthread-jumps'?
CMakeFiles/cmTC_f910a.dir/build.make:65: recipe for target 'CMakeFiles/cmTC_f910a.dir/src.cxx.o' failed
make[4]: *** [CMakeFiles/cmTC_f910a.dir/src.cxx.o] Error 1
make[4]: Leaving directory '/homes/hh1919/Documents/code/performance-eng/performanceengineeringcw1_hh1919/cpp-benchmark/googlebenchmark-prefix/src/googlebenchmark-build/CMakeFiles/CMakeTmp'
Makefile:126: recipe for target 'cmTC_f910a/fast' failed
make[3]: *** [cmTC_f910a/fast] Error 2
make[3]: Leaving directory '/homes/hh1919/Documents/code/performance-eng/performanceengineeringcw1_hh1919/cpp-benchmark/googlebenchmark-prefix/src/googlebenchmark-build/CMakeFiles/CMakeTmp'

Source file was:
int main() { return 0; }
Determining if the pthread_create exist failed with the following output:
Change Dir: /homes/hh1919/Documents/code/performance-eng/performanceengineeringcw1_hh1919/cpp-benchmark/googlebenchmark-prefix/src/googlebenchmark-build/CMakeFiles/CMakeTmp

Run Build Command:"/usr/bin/make" "cmTC_73b7e/fast"
make[3]: Entering directory '/homes/hh1919/Documents/code/performance-eng/performanceengineeringcw1_hh1919/cpp-benchmark/googlebenchmark-prefix/src/googlebenchmark-build/CMakeFiles/CMakeTmp'
/usr/bin/make -f CMakeFiles/cmTC_73b7e.dir/build.make CMakeFiles/cmTC_73b7e.dir/build
make[4]: Entering directory '/homes/hh1919/Documents/code/performance-eng/performanceengineeringcw1_hh1919/cpp-benchmark/googlebenchmark-prefix/src/googlebenchmark-build/CMakeFiles/CMakeTmp'
Building C object CMakeFiles/cmTC_73b7e.dir/CheckSymbolExists.c.o
/usr/bin/cc    -o CMakeFiles/cmTC_73b7e.dir/CheckSymbolExists.c.o   -c /homes/hh1919/Documents/code/performance-eng/performanceengineeringcw1_hh1919/cpp-benchmark/googlebenchmark-prefix/src/googlebenchmark-build/CMakeFiles/CMakeTmp/CheckSymbolExists.c
Linking C executable cmTC_73b7e
/usr/bin/cmake -E cmake_link_script CMakeFiles/cmTC_73b7e.dir/link.txt --verbose=1
/usr/bin/cc      -rdynamic CMakeFiles/cmTC_73b7e.dir/CheckSymbolExists.c.o  -o cmTC_73b7e 
CMakeFiles/cmTC_73b7e.dir/CheckSymbolExists.c.o: In function `main':
CheckSymbolExists.c:(.text+0x1b): undefined reference to `pthread_create'
collect2: error: ld returned 1 exit status
CMakeFiles/cmTC_73b7e.dir/build.make:97: recipe for target 'cmTC_73b7e' failed
make[4]: *** [cmTC_73b7e] Error 1
make[4]: Leaving directory '/homes/hh1919/Documents/code/performance-eng/performanceengineeringcw1_hh1919/cpp-benchmark/googlebenchmark-prefix/src/googlebenchmark-build/CMakeFiles/CMakeTmp'
Makefile:126: recipe for target 'cmTC_73b7e/fast' failed
make[3]: *** [cmTC_73b7e/fast] Error 2
make[3]: Leaving directory '/homes/hh1919/Documents/code/performance-eng/performanceengineeringcw1_hh1919/cpp-benchmark/googlebenchmark-prefix/src/googlebenchmark-build/CMakeFiles/CMakeTmp'

File /homes/hh1919/Documents/code/performance-eng/performanceengineeringcw1_hh1919/cpp-benchmark/googlebenchmark-prefix/src/googlebenchmark-build/CMakeFiles/CMakeTmp/CheckSymbolExists.c:
/* */
#include <pthread.h>

int main(int argc, char** argv)
{
  (void)argv;
#ifndef pthread_create
  return ((int*)(&pthread_create))[argc];
#else
  (void)argc;
  return 0;
#endif
}

Determining if the function pthread_create exists in the pthreads failed with the following output:
Change Dir: /homes/hh1919/Documents/code/performance-eng/performanceengineeringcw1_hh1919/cpp-benchmark/googlebenchmark-prefix/src/googlebenchmark-build/CMakeFiles/CMakeTmp

Run Build Command:"/usr/bin/make" "cmTC_926e7/fast"
make[3]: Entering directory '/homes/hh1919/Documents/code/performance-eng/performanceengineeringcw1_hh1919/cpp-benchmark/googlebenchmark-prefix/src/googlebenchmark-build/CMakeFiles/CMakeTmp'
/usr/bin/make -f CMakeFiles/cmTC_926e7.dir/build.make CMakeFiles/cmTC_926e7.dir/build
make[4]: Entering directory '/homes/hh1919/Documents/code/performance-eng/performanceengineeringcw1_hh1919/cpp-benchmark/googlebenchmark-prefix/src/googlebenchmark-build/CMakeFiles/CMakeTmp'
Building C object CMakeFiles/cmTC_926e7.dir/CheckFunctionExists.c.o
/usr/bin/cc   -DCHECK_FUNCTION_EXISTS=pthread_create   -o CMakeFiles/cmTC_926e7.dir/CheckFunctionExists.c.o   -c /usr/share/cmake-3.10/Modules/CheckFunctionExists.c
Linking C executable cmTC_926e7
/usr/bin/cmake -E cmake_link_script CMakeFiles/cmTC_926e7.dir/link.txt --verbose=1
/usr/bin/cc  -DCHECK_FUNCTION_EXISTS=pthread_create    -rdynamic CMakeFiles/cmTC_926e7.dir/CheckFunctionExists.c.o  -o cmTC_926e7 -lpthreads 
/usr/bin/ld: cannot find -lpthreads
collect2: error: ld returned 1 exit status
CMakeFiles/cmTC_926e7.dir/build.make:97: recipe for target 'cmTC_926e7' failed
make[4]: *** [cmTC_926e7] Error 1
make[4]: Leaving directory '/homes/hh1919/Documents/code/performance-eng/performanceengineeringcw1_hh1919/cpp-benchmark/googlebenchmark-prefix/src/googlebenchmark-build/CMakeFiles/CMakeTmp'
Makefile:126: recipe for target 'cmTC_926e7/fast' failed
make[3]: *** [cmTC_926e7/fast] Error 2
make[3]: Leaving directory '/homes/hh1919/Documents/code/performance-eng/performanceengineeringcw1_hh1919/cpp-benchmark/googlebenchmark-prefix/src/googlebenchmark-build/CMakeFiles/CMakeTmp'


